This is pdfTeX, Version 3.14159265-2.6-1.40.15 (TeX Live 2014) (preloaded format=pdflatex 2015.4.29)  21 JUL 2015 17:07
entering extended mode
 restricted \write18 enabled.
 %&-line parsing enabled.
**\input NGSmodes_LaserTomography.tex
(./NGSmodes_LaserTomography.tex
(/usr/local/texlive/2014/texmf-dist/tex/latex/base/article.cls
Document Class: article 2007/10/19 v1.4h Standard LaTeX document class
(/usr/local/texlive/2014/texmf-dist/tex/latex/base/size12.clo
File: size12.clo 2007/10/19 v1.4h Standard LaTeX file (size option)
)
\c@part=\count79
\c@section=\count80
\c@subsection=\count81
\c@subsubsection=\count82
\c@paragraph=\count83
\c@subparagraph=\count84
\c@figure=\count85
\c@table=\count86
\abovecaptionskip=\skip41
\belowcaptionskip=\skip42
\bibindent=\dimen102
)
(/usr/local/texlive/2014/texmf-dist/tex/latex/graphics/graphicx.sty
Package: graphicx 2014/04/25 v1.0g Enhanced LaTeX Graphics (DPC,SPQR)

(/usr/local/texlive/2014/texmf-dist/tex/latex/graphics/keyval.sty
Package: keyval 2014/05/08 v1.15 key=value parser (DPC)
\KV@toks@=\toks14
)
(/usr/local/texlive/2014/texmf-dist/tex/latex/graphics/graphics.sty
Package: graphics 2009/02/05 v1.0o Standard LaTeX Graphics (DPC,SPQR)

(/usr/local/texlive/2014/texmf-dist/tex/latex/graphics/trig.sty
Package: trig 1999/03/16 v1.09 sin cos tan (DPC)
)
(/usr/local/texlive/2014/texmf-dist/tex/latex/latexconfig/graphics.cfg
File: graphics.cfg 2010/04/23 v1.9 graphics configuration of TeX Live
)
Package graphics Info: Driver file: pdftex.def on input line 91.

(/usr/local/texlive/2014/texmf-dist/tex/latex/pdftex-def/pdftex.def
File: pdftex.def 2011/05/27 v0.06d Graphics/color for pdfTeX

(/usr/local/texlive/2014/texmf-dist/tex/generic/oberdiek/infwarerr.sty
Package: infwarerr 2010/04/08 v1.3 Providing info/warning/error messages (HO)
)
(/usr/local/texlive/2014/texmf-dist/tex/generic/oberdiek/ltxcmds.sty
Package: ltxcmds 2011/11/09 v1.22 LaTeX kernel commands for general use (HO)
)
\Gread@gobject=\count87
))
\Gin@req@height=\dimen103
\Gin@req@width=\dimen104
)
(/usr/local/texlive/2014/texmf-dist/tex/latex/amsmath/amsmath.sty
Package: amsmath 2013/01/14 v2.14 AMS math features
\@mathmargin=\skip43

For additional information on amsmath, use the `?' option.
(/usr/local/texlive/2014/texmf-dist/tex/latex/amsmath/amstext.sty
Package: amstext 2000/06/29 v2.01

(/usr/local/texlive/2014/texmf-dist/tex/latex/amsmath/amsgen.sty
File: amsgen.sty 1999/11/30 v2.0
\@emptytoks=\toks15
\ex@=\dimen105
))
(/usr/local/texlive/2014/texmf-dist/tex/latex/amsmath/amsbsy.sty
Package: amsbsy 1999/11/29 v1.2d
\pmbraise@=\dimen106
)
(/usr/local/texlive/2014/texmf-dist/tex/latex/amsmath/amsopn.sty
Package: amsopn 1999/12/14 v2.01 operator names
)
\inf@bad=\count88
LaTeX Info: Redefining \frac on input line 210.
\uproot@=\count89
\leftroot@=\count90
LaTeX Info: Redefining \overline on input line 306.
\classnum@=\count91
\DOTSCASE@=\count92
LaTeX Info: Redefining \ldots on input line 378.
LaTeX Info: Redefining \dots on input line 381.
LaTeX Info: Redefining \cdots on input line 466.
\Mathstrutbox@=\box26
\strutbox@=\box27
\big@size=\dimen107
LaTeX Font Info:    Redeclaring font encoding OML on input line 566.
LaTeX Font Info:    Redeclaring font encoding OMS on input line 567.
\macc@depth=\count93
\c@MaxMatrixCols=\count94
\dotsspace@=\muskip10
\c@parentequation=\count95
\dspbrk@lvl=\count96
\tag@help=\toks16
\row@=\count97
\column@=\count98
\maxfields@=\count99
\andhelp@=\toks17
\eqnshift@=\dimen108
\alignsep@=\dimen109
\tagshift@=\dimen110
\tagwidth@=\dimen111
\totwidth@=\dimen112
\lineht@=\dimen113
\@envbody=\toks18
\multlinegap=\skip44
\multlinetaggap=\skip45
\mathdisplay@stack=\toks19
LaTeX Info: Redefining \[ on input line 2665.
LaTeX Info: Redefining \] on input line 2666.
)
(/usr/local/texlive/2014/texmf-dist/tex/latex/amsfonts/amssymb.sty
Package: amssymb 2013/01/14 v3.01 AMS font symbols

(/usr/local/texlive/2014/texmf-dist/tex/latex/amsfonts/amsfonts.sty
Package: amsfonts 2013/01/14 v3.01 Basic AMSFonts support
\symAMSa=\mathgroup4
\symAMSb=\mathgroup5
LaTeX Font Info:    Overwriting math alphabet `\mathfrak' in version `bold'
(Font)                  U/euf/m/n --> U/euf/b/n on input line 106.
))
(/usr/local/texlive/2014/texmf-dist/tex/latex/graphics/color.sty
Package: color 2014/04/23 v1.1a Standard LaTeX Color (DPC)

(/usr/local/texlive/2014/texmf-dist/tex/latex/latexconfig/color.cfg
File: color.cfg 2007/01/18 v1.5 color configuration of teTeX/TeXLive
)
Package color Info: Driver file: pdftex.def on input line 137.
)
(/usr/local/texlive/2014/texmf-dist/tex/latex/hyperref/hyperref.sty
Package: hyperref 2012/11/06 v6.83m Hypertext links for LaTeX

(/usr/local/texlive/2014/texmf-dist/tex/generic/oberdiek/hobsub-hyperref.sty
Package: hobsub-hyperref 2012/05/28 v1.13 Bundle oberdiek, subset hyperref (HO)


(/usr/local/texlive/2014/texmf-dist/tex/generic/oberdiek/hobsub-generic.sty
Package: hobsub-generic 2012/05/28 v1.13 Bundle oberdiek, subset generic (HO)
Package: hobsub 2012/05/28 v1.13 Construct package bundles (HO)
Package hobsub Info: Skipping package `infwarerr' (already loaded).
Package hobsub Info: Skipping package `ltxcmds' (already loaded).
Package: ifluatex 2010/03/01 v1.3 Provides the ifluatex switch (HO)
Package ifluatex Info: LuaTeX not detected.
Package: ifvtex 2010/03/01 v1.5 Detect VTeX and its facilities (HO)
Package ifvtex Info: VTeX not detected.
Package: intcalc 2007/09/27 v1.1 Expandable calculations with integers (HO)
Package: ifpdf 2011/01/30 v2.3 Provides the ifpdf switch (HO)
Package ifpdf Info: pdfTeX in PDF mode is detected.
Package: etexcmds 2011/02/16 v1.5 Avoid name clashes with e-TeX commands (HO)
Package etexcmds Info: Could not find \expanded.
(etexcmds)             That can mean that you are not using pdfTeX 1.50 or
(etexcmds)             that some package has redefined \expanded.
(etexcmds)             In the latter case, load this package earlier.
Package: kvsetkeys 2012/04/25 v1.16 Key value parser (HO)
Package: kvdefinekeys 2011/04/07 v1.3 Define keys (HO)
Package: pdftexcmds 2011/11/29 v0.20 Utility functions of pdfTeX for LuaTeX (HO
)
Package pdftexcmds Info: LuaTeX not detected.
Package pdftexcmds Info: \pdf@primitive is available.
Package pdftexcmds Info: \pdf@ifprimitive is available.
Package pdftexcmds Info: \pdfdraftmode found.
Package: pdfescape 2011/11/25 v1.13 Implements pdfTeX's escape features (HO)
Package: bigintcalc 2012/04/08 v1.3 Expandable calculations on big integers (HO
)
Package: bitset 2011/01/30 v1.1 Handle bit-vector datatype (HO)
Package: uniquecounter 2011/01/30 v1.2 Provide unlimited unique counter (HO)
)
Package hobsub Info: Skipping package `hobsub' (already loaded).
Package: letltxmacro 2010/09/02 v1.4 Let assignment for LaTeX macros (HO)
Package: hopatch 2012/05/28 v1.2 Wrapper for package hooks (HO)
Package: xcolor-patch 2011/01/30 xcolor patch
Package: atveryend 2011/06/30 v1.8 Hooks at the very end of document (HO)
Package atveryend Info: \enddocument detected (standard20110627).
Package: atbegshi 2011/10/05 v1.16 At begin shipout hook (HO)
Package: refcount 2011/10/16 v3.4 Data extraction from label references (HO)
Package: hycolor 2011/01/30 v1.7 Color options for hyperref/bookmark (HO)
)
(/usr/local/texlive/2014/texmf-dist/tex/generic/ifxetex/ifxetex.sty
Package: ifxetex 2010/09/12 v0.6 Provides ifxetex conditional
)
(/usr/local/texlive/2014/texmf-dist/tex/latex/oberdiek/auxhook.sty
Package: auxhook 2011/03/04 v1.3 Hooks for auxiliary files (HO)
)
(/usr/local/texlive/2014/texmf-dist/tex/latex/oberdiek/kvoptions.sty
Package: kvoptions 2011/06/30 v3.11 Key value format for package options (HO)
)
\@linkdim=\dimen114
\Hy@linkcounter=\count100
\Hy@pagecounter=\count101

(/usr/local/texlive/2014/texmf-dist/tex/latex/hyperref/pd1enc.def
File: pd1enc.def 2012/11/06 v6.83m Hyperref: PDFDocEncoding definition (HO)
)
\Hy@SavedSpaceFactor=\count102

(/usr/local/texlive/2014/texmf-dist/tex/latex/latexconfig/hyperref.cfg
File: hyperref.cfg 2002/06/06 v1.2 hyperref configuration of TeXLive
)
Package hyperref Info: Option `bookmarksopen' set `true' on input line 4319.
Package hyperref Info: Option `bookmarksnumbered' set `true' on input line 4319
.
Package hyperref Info: Option `breaklinks' set `true' on input line 4319.
Package hyperref Info: Option `linktocpage' set `true' on input line 4319.
Package hyperref Info: Option `colorlinks' set `true' on input line 4319.
Package hyperref Info: Option `pdfusetitle' set `true' on input line 4319.
Package hyperref Info: Hyper figures OFF on input line 4443.
Package hyperref Info: Link nesting OFF on input line 4448.
Package hyperref Info: Hyper index ON on input line 4451.
Package hyperref Info: Plain pages OFF on input line 4458.
Package hyperref Info: Backreferencing OFF on input line 4463.
Package hyperref Info: Implicit mode ON; LaTeX internals redefined.
Package hyperref Info: Bookmarks ON on input line 4688.
\c@Hy@tempcnt=\count103

(/usr/local/texlive/2014/texmf-dist/tex/latex/url/url.sty
\Urlmuskip=\muskip11
Package: url 2013/09/16  ver 3.4  Verb mode for urls, etc.
)
LaTeX Info: Redefining \url on input line 5041.
\XeTeXLinkMargin=\dimen115
\Fld@menulength=\count104
\Field@Width=\dimen116
\Fld@charsize=\dimen117
Package hyperref Info: Hyper figures OFF on input line 6295.
Package hyperref Info: Link nesting OFF on input line 6300.
Package hyperref Info: Hyper index ON on input line 6303.
Package hyperref Info: backreferencing OFF on input line 6310.
Package hyperref Info: Link coloring ON on input line 6313.
Package hyperref Info: Link coloring with OCG OFF on input line 6320.
Package hyperref Info: PDF/A mode OFF on input line 6325.
LaTeX Info: Redefining \ref on input line 6365.
LaTeX Info: Redefining \pageref on input line 6369.
\Hy@abspage=\count105
\c@Item=\count106
\c@Hfootnote=\count107
)

Package hyperref Message: Driver (autodetected): hpdftex.

(/usr/local/texlive/2014/texmf-dist/tex/latex/hyperref/hpdftex.def
File: hpdftex.def 2012/11/06 v6.83m Hyperref driver for pdfTeX
\Fld@listcount=\count108
\c@bookmark@seq@number=\count109

(/usr/local/texlive/2014/texmf-dist/tex/latex/oberdiek/rerunfilecheck.sty
Package: rerunfilecheck 2011/04/15 v1.7 Rerun checks for auxiliary files (HO)
Package uniquecounter Info: New unique counter `rerunfilecheck' on input line 2
82.
)
\Hy@SectionHShift=\skip46
)
(/usr/local/texlive/2014/texmf-dist/tex/latex/hyperref/backref.sty
Package: backref 2012/07/25 v1.38 Bibliographical back referencing
)

! LaTeX Error: Command \ps already defined.
               Or name \end... illegal, see p.192 of the manual.

See the LaTeX manual or LaTeX Companion for explanation.
Type  H <return>  for immediate help.
 ...                                              
                                                  
l.270 \newcommand{\ps}{\mu}
                           
Your command was ignored.
Type  I <command> <return>  to replace it with another command,
or  <return>  to continue without it.


! LaTeX Error: Command \Proj already defined.
               Or name \end... illegal, see p.192 of the manual.

See the LaTeX manual or LaTeX Companion for explanation.
Type  H <return>  for immediate help.
 ...                                              
                                                  
l.272 \newcommand{\Proj}{\mathbf{P}}
                                     % projection matrix
Your command was ignored.
Type  I <command> <return>  to replace it with another command,
or  <return>  to continue without it.

\c@theorem=\count110
(./NGSmodes_LaserTomography.aux

LaTeX Warning: Label `eq:unsurmountable_error' multiply defined.


LaTeX Warning: Label `eq:res_var' multiply defined.


LaTeX Warning: Label `eq:res_var_time' multiply defined.


LaTeX Warning: Label `eq:res_var' multiply defined.


LaTeX Warning: Label `eq:stack_ss_c_tur_compact' multiply defined.

)
\openout1 = `NGSmodes_LaserTomography.aux'.

LaTeX Font Info:    Checking defaults for OML/cmm/m/it on input line 327.
LaTeX Font Info:    ... okay on input line 327.
LaTeX Font Info:    Checking defaults for T1/cmr/m/n on input line 327.
LaTeX Font Info:    ... okay on input line 327.
LaTeX Font Info:    Checking defaults for OT1/cmr/m/n on input line 327.
LaTeX Font Info:    ... okay on input line 327.
LaTeX Font Info:    Checking defaults for OMS/cmsy/m/n on input line 327.
LaTeX Font Info:    ... okay on input line 327.
LaTeX Font Info:    Checking defaults for OMX/cmex/m/n on input line 327.
LaTeX Font Info:    ... okay on input line 327.
LaTeX Font Info:    Checking defaults for U/cmr/m/n on input line 327.
LaTeX Font Info:    ... okay on input line 327.
LaTeX Font Info:    Checking defaults for PD1/pdf/m/n on input line 327.
LaTeX Font Info:    ... okay on input line 327.
 (/usr/local/texlive/2014/texmf-dist/tex/context/base/supp-pdf.mkii
[Loading MPS to PDF converter (version 2006.09.02).]
\scratchcounter=\count111
\scratchdimen=\dimen118
\scratchbox=\box28
\nofMPsegments=\count112
\nofMParguments=\count113
\everyMPshowfont=\toks20
\MPscratchCnt=\count114
\MPscratchDim=\dimen119
\MPnumerator=\count115
\makeMPintoPDFobject=\count116
\everyMPtoPDFconversion=\toks21
) (/usr/local/texlive/2014/texmf-dist/tex/latex/oberdiek/epstopdf-base.sty
Package: epstopdf-base 2010/02/09 v2.5 Base part for package epstopdf

(/usr/local/texlive/2014/texmf-dist/tex/latex/oberdiek/grfext.sty
Package: grfext 2010/08/19 v1.1 Manage graphics extensions (HO)
)
Package grfext Info: Graphics extension search list:
(grfext)             [.png,.pdf,.jpg,.mps,.jpeg,.jbig2,.jb2,.PNG,.PDF,.JPG,.JPE
G,.JBIG2,.JB2,.eps]
(grfext)             \AppendGraphicsExtensions on input line 452.

(/usr/local/texlive/2014/texmf-dist/tex/latex/latexconfig/epstopdf-sys.cfg
File: epstopdf-sys.cfg 2010/07/13 v1.3 Configuration of (r)epstopdf for TeX Liv
e
))
\AtBeginShipoutBox=\box29
Package hyperref Info: Link coloring ON on input line 327.

(/usr/local/texlive/2014/texmf-dist/tex/latex/hyperref/nameref.sty
Package: nameref 2012/10/27 v2.43 Cross-referencing by name of section

(/usr/local/texlive/2014/texmf-dist/tex/generic/oberdiek/gettitlestring.sty
Package: gettitlestring 2010/12/03 v1.4 Cleanup title references (HO)
)
\c@section@level=\count117
)
LaTeX Info: Redefining \ref on input line 327.
LaTeX Info: Redefining \pageref on input line 327.
LaTeX Info: Redefining \nameref on input line 327.

(./NGSmodes_LaserTomography.out) (./NGSmodes_LaserTomography.out)
\@outlinefile=\write3
\openout3 = `NGSmodes_LaserTomography.out'.

LaTeX Font Info:    Try loading font information for U+msa on input line 329.

(/usr/local/texlive/2014/texmf-dist/tex/latex/amsfonts/umsa.fd
File: umsa.fd 2013/01/14 v3.01 AMS symbols A
)
LaTeX Font Info:    Try loading font information for U+msb on input line 329.

(/usr/local/texlive/2014/texmf-dist/tex/latex/amsfonts/umsb.fd
File: umsb.fd 2013/01/14 v3.01 AMS symbols B
) [1

{/usr/local/texlive/2014/texmf-var/fonts/map/pdftex/updmap/pdftex.map}]
(./NGSmodes_LaserTomography.toc)
\tf@toc=\write4
\openout4 = `NGSmodes_LaserTomography.toc'.

 [2]
Underfull \hbox (badness 10000) in paragraph at lines 372--376
\OT1/cmr/m/n/12 are two stan-dard de-sign tools in op-ti-mal con-trol
 []


LaTeX Font Warning: Command \tiny invalid in math mode on input line 457.

[3]

LaTeX Font Warning: Command \tiny invalid in math mode on input line 463.


LaTeX Font Warning: Command \tiny invalid in math mode on input line 465.


LaTeX Font Warning: Command \tiny invalid in math mode on input line 466.


LaTeX Font Warning: Command \tiny invalid in math mode on input line 470.


LaTeX Font Warning: Command \tiny invalid in math mode on input line 470.


LaTeX Font Warning: Command \tiny invalid in math mode on input line 471.


LaTeX Font Warning: Command \tiny invalid in math mode on input line 486.


LaTeX Font Warning: Command \tiny invalid in math mode on input line 486.


LaTeX Font Warning: Command \tiny invalid in math mode on input line 486.

[4]
Underfull \hbox (badness 10000) in paragraph at lines 558--568
\OT1/cmr/m/n/12 the \OT1/cmr/m/it/12 sep-a-ra-tion
 []


Underfull \hbox (badness 2828) in paragraph at lines 637--637
[]\OT1/cmr/bx/n/17.28 LQG con-troller for AO sys-tems with
 []

[5]

LaTeX Font Warning: Command \tiny invalid in math mode on input line 645.


LaTeX Font Warning: Command \tiny invalid in math mode on input line 663.


LaTeX Font Warning: Command \tiny invalid in math mode on input line 663.


LaTeX Font Warning: Command \tiny invalid in math mode on input line 674.


LaTeX Font Warning: Command \tiny invalid in math mode on input line 675.

[6]

LaTeX Font Warning: Command \tiny invalid in math mode on input line 727.


LaTeX Font Warning: Command \tiny invalid in math mode on input line 739.


LaTeX Font Warning: Command \tiny invalid in math mode on input line 748.


LaTeX Font Warning: Command \tiny invalid in math mode on input line 755.


LaTeX Font Warning: Command \tiny invalid in math mode on input line 767.


LaTeX Font Warning: Command \tiny invalid in math mode on input line 772.


LaTeX Font Warning: Command \tiny invalid in math mode on input line 778.

[7]

LaTeX Font Warning: Command \tiny invalid in math mode on input line 780.


LaTeX Font Warning: Command \tiny invalid in math mode on input line 786.


LaTeX Font Warning: Command \tiny invalid in math mode on input line 789.


LaTeX Font Warning: Command \tiny invalid in math mode on input line 796.


LaTeX Font Warning: Command \tiny invalid in math mode on input line 796.


LaTeX Font Warning: Command \tiny invalid in math mode on input line 796.


LaTeX Font Warning: Command \tiny invalid in math mode on input line 808.


LaTeX Font Warning: Command \tiny invalid in math mode on input line 808.


LaTeX Font Warning: Command \tiny invalid in math mode on input line 815.


LaTeX Font Warning: Command \tiny invalid in math mode on input line 823.


LaTeX Font Warning: Command \tiny invalid in math mode on input line 823.


LaTeX Font Warning: Command \tiny invalid in math mode on input line 904.


LaTeX Font Warning: Command \tiny invalid in math mode on input line 904.


LaTeX Font Warning: Command \tiny invalid in math mode on input line 904.


LaTeX Font Warning: Command \tiny invalid in math mode on input line 904.

[8]
Underfull \hbox (badness 1052) in paragraph at lines 923--924
[]\OT1/cmr/m/n/12 The so-lu-tion to the or-di-nary differential-equation is an 
os-cil-la-tory
 []


Underfull \hbox (badness 10000) in paragraph at lines 937--940
\OT1/cmr/m/n/12 straight-for-ward (us-ing stan-dard $\OMS/cmsy/m/n/12 Z^^@$\OT1
/cmr/m/n/12 transform prop-er-ties,
 []


Underfull \hbox (badness 3417) in paragraph at lines 1078--1078
[]\OT1/cmr/bx/n/17.28 NGS modes in laser-tomography AO:
 []

[9]

LaTeX Font Warning: Command \tiny invalid in math mode on input line 1103.


LaTeX Font Warning: Command \tiny invalid in math mode on input line 1103.


LaTeX Font Warning: Command \tiny invalid in math mode on input line 1103.


LaTeX Font Warning: Command \tiny invalid in math mode on input line 1103.


LaTeX Font Warning: Command \tiny invalid in math mode on input line 1103.


LaTeX Font Warning: Command \tiny invalid in math mode on input line 1103.


LaTeX Font Warning: Command \tiny invalid in math mode on input line 1103.


LaTeX Font Warning: Command \tiny invalid in math mode on input line 1103.


LaTeX Font Warning: Command \tiny invalid in math mode on input line 1103.


LaTeX Font Warning: Command \tiny invalid in math mode on input line 1103.

! Undefined control sequence.
<recently read> \hdashline 
                           
l.1156         \end{align}
                          
The control sequence at the end of the top line
of your error message was never \def'ed. If you have
misspelled it (e.g., `\hobx'), type `I' and the correct
spelling (e.g., `I\hbox'). Otherwise just continue,
and I'll forget about whatever was undefined.

! Undefined control sequence.
<recently read> \hdashline 
                           
l.1156         \end{align}
                          
The control sequence at the end of the top line
of your error message was never \def'ed. If you have
misspelled it (e.g., `\hobx'), type `I' and the correct
spelling (e.g., `I\hbox'). Otherwise just continue,
and I'll forget about whatever was undefined.


! LaTeX Error: Illegal character in array arg.

See the LaTeX manual or LaTeX Companion for explanation.
Type  H <return>  for immediate help.
 ...                                              
                                                  
l.1156         \end{align}
                          
You're in trouble here.  Try typing  <return>  to proceed.
If that doesn't work, type  X <return>  to quit.


! LaTeX Error: Illegal character in array arg.

See the LaTeX manual or LaTeX Companion for explanation.
Type  H <return>  for immediate help.
 ...                                              
                                                  
l.1156         \end{align}
                          
You're in trouble here.  Try typing  <return>  to proceed.
If that doesn't work, type  X <return>  to quit.

! Undefined control sequence.
<recently read> \hdashline 
                           
l.1156         \end{align}
                          
The control sequence at the end of the top line
of your error message was never \def'ed. If you have
misspelled it (e.g., `\hobx'), type `I' and the correct
spelling (e.g., `I\hbox'). Otherwise just continue,
and I'll forget about whatever was undefined.

! Undefined control sequence.
<recently read> \hdashline 
                           
l.1156         \end{align}
                          
The control sequence at the end of the top line
of your error message was never \def'ed. If you have
misspelled it (e.g., `\hobx'), type `I' and the correct
spelling (e.g., `I\hbox'). Otherwise just continue,
and I'll forget about whatever was undefined.

! Undefined control sequence.
<recently read> \hdashline 
                           
l.1156         \end{align}
                          
The control sequence at the end of the top line
of your error message was never \def'ed. If you have
misspelled it (e.g., `\hobx'), type `I' and the correct
spelling (e.g., `I\hbox'). Otherwise just continue,
and I'll forget about whatever was undefined.

! Undefined control sequence.
<recently read> \hdashline 
                           
l.1156         \end{align}
                          
The control sequence at the end of the top line
of your error message was never \def'ed. If you have
misspelled it (e.g., `\hobx'), type `I' and the correct
spelling (e.g., `I\hbox'). Otherwise just continue,
and I'll forget about whatever was undefined.


! LaTeX Error: Illegal character in array arg.

See the LaTeX manual or LaTeX Companion for explanation.
Type  H <return>  for immediate help.
 ...                                              
                                                  
l.1156         \end{align}
                          
You're in trouble here.  Try typing  <return>  to proceed.
If that doesn't work, type  X <return>  to quit.


! LaTeX Error: Illegal character in array arg.

See the LaTeX manual or LaTeX Companion for explanation.
Type  H <return>  for immediate help.
 ...                                              
                                                  
l.1156         \end{align}
                          
You're in trouble here.  Try typing  <return>  to proceed.
If that doesn't work, type  X <return>  to quit.

! Undefined control sequence.
<recently read> \hdashline 
                           
l.1156         \end{align}
                          
The control sequence at the end of the top line
of your error message was never \def'ed. If you have
misspelled it (e.g., `\hobx'), type `I' and the correct
spelling (e.g., `I\hbox'). Otherwise just continue,
and I'll forget about whatever was undefined.

! Undefined control sequence.
<recently read> \hdashline 
                           
l.1156         \end{align}
                          
The control sequence at the end of the top line
of your error message was never \def'ed. If you have
misspelled it (e.g., `\hobx'), type `I' and the correct
spelling (e.g., `I\hbox'). Otherwise just continue,
and I'll forget about whatever was undefined.

[10] [11] [12]
Underfull \hbox (badness 2772) in paragraph at lines 1310--1327
\OT1/cmr/m/n/12 through ray-racing pro-duces pure tilt (the quadratic terms van
-ish)
 []

[13]
Underfull \hbox (badness 10000) in paragraph at lines 1328--1330
[]\OT1/cmr/m/n/12 In the fol-low-ing we as-sume a
 []


Underfull \hbox (badness 3029) in paragraph at lines 1331--1334
[]\OT1/cmr/m/n/12 For nat-u-ral to-mog-ra-phy AO (with tilt-removed high-order 
WFS
 []

[14]

LaTeX Font Warning: Command \tiny invalid in math mode on input line 1400.


LaTeX Font Warning: Command \tiny invalid in math mode on input line 1456.


LaTeX Font Warning: Command \tiny invalid in math mode on input line 1466.


LaTeX Font Warning: Command \tiny invalid in math mode on input line 1466.


LaTeX Font Warning: Command \tiny invalid in math mode on input line 1466.


LaTeX Font Warning: Command \tiny invalid in math mode on input line 1466.


LaTeX Font Warning: Command \tiny invalid in math mode on input line 1471.


! LaTeX Error: Illegal character in array arg.

See the LaTeX manual or LaTeX Companion for explanation.
Type  H <return>  for immediate help.
 ...                                              
                                                  
l.1472             \begin{array}{ccccc:c}
                                         
You're in trouble here.  Try typing  <return>  to proceed.
If that doesn't work, type  X <return>  to quit.

! Undefined control sequence.
<recently read> \hdashline 
                           
l.1477 ...   0 & \0 & \0 & 0 & 1 &\0\\  \hdashline
                                                  
The control sequence at the end of the top line
of your error message was never \def'ed. If you have
misspelled it (e.g., `\hobx'), type `I' and the correct
spelling (e.g., `I\hbox'). Otherwise just continue,
and I'll forget about whatever was undefined.

[15]

LaTeX Font Warning: Command \tiny invalid in math mode on input line 1489.


Underfull \hbox (badness 10000) in paragraph at lines 1514--1514
[]\OT1/cmr/bx/n/14.4 Tilt to-mog-ra-phy with spatio-angular
 []

! Extra }, or forgotten $.
l.1540 $\CovMat}
                _{\svec_\alphavec}$ are
I've deleted a group-closing symbol because it seems to be
spurious, as in `$x}$'. But perhaps the } is legitimate and
you forgot something else, as in `\hbox{$x}'. In such cases
the way to recover is to insert both the forgotten and the
deleted material, e.g., by typing `I$}'.

[16]
Underfull \hbox (badness 1231) in paragraph at lines 1560--1568
\OT1/cmr/m/n/12 on ac-count of the na-ture of the co-vari-ance ma-tri-ces in-vo
lved in its
 []

[17] [18]
Underfull \hbox (badness 2020) in paragraph at lines 1678--1683
\OT1/cmr/m/n/12 mod-els with non-null tem-po-ral cross-spectra (iff more that T
T are
 []


Underfull \hbox (badness 10000) in paragraph at lines 1690--1694
[]\OT1/cmr/m/n/12 We
 []

[19] [20]
Underfull \hbox (badness 10000) in paragraph at lines 1765--1766
[]\OT1/cmr/m/n/12 This up-sampling model
 []

[21]
Underfull \hbox (badness 10000) in paragraph at lines 1837--1837
[]\OT1/cmr/bx/n/17.28 Split to-mog-ra-phy v. in-te-grated
 []


Underfull \hbox (badness 10000) in paragraph at lines 1845--1845
[]\OT1/cmr/bx/n/17.28 Design of HAR-MONI (E-IFU) tilt
 []

[22]
Underfull \hbox (badness 10000) in paragraph at lines 1859--1859
[]\OT1/cmr/bx/n/17.28 Average-slope re-moval from
 []


! LaTeX Error: Environment property undefined.

See the LaTeX manual or LaTeX Companion for explanation.
Type  H <return>  for immediate help.
 ...                                              
                                                  
l.1884        \begin{property}
                               \textbf{LQG transfer functions.}
Your command was ignored.
Type  I <command> <return>  to replace it with another command,
or  <return>  to continue without it.

[23]

! LaTeX Error: \begin{document} ended by \end{property}.

See the LaTeX manual or LaTeX Companion for explanation.
Type  H <return>  for immediate help.
 ...                                              
                                                  
l.1928         \end{property}
                             
Your command was ignored.
Type  I <command> <return>  to replace it with another command,
or  <return>  to continue without it.


! LaTeX Error: Environment demo undefined.

See the LaTeX manual or LaTeX Companion for explanation.
Type  H <return>  for immediate help.
 ...                                              
                                                  
l.1930         \begin{demo}
                            \textbf{Demonstration.}
Your command was ignored.
Type  I <command> <return>  to replace it with another command,
or  <return>  to continue without it.

[24]

! LaTeX Error: \begin{document} ended by \end{demo}.

See the LaTeX manual or LaTeX Companion for explanation.
Type  H <return>  for immediate help.
 ...                                              
                                                  
l.2033 \end{demo}
                 
Your command was ignored.
Type  I <command> <return>  to replace it with another command,
or  <return>  to continue without it.

(./NGSmodes_LaserTomography.bbl (./NGSmodes_LaserTomography.brf)
\tf@brf=\write5
\openout5 = `NGSmodes_LaserTomography.brf'.

 [25] [26]
Underfull \hbox (badness 1931) in paragraph at lines 72--72
\OT1/cmr/m/n/12 Meth-ods for cor-rect-ing tilt aniso-pla-natism in laser-guide-
star-based
 []


Underfull \hbox (badness 3158) in paragraph at lines 81--81
[]\OT1/cmr/m/n/12 Flicker, R. and Rigaut, F. (2002).  Tilt
 []

[27]
Underfull \hbox (badness 1466) in paragraph at lines 145--145
[]\OT1/cmr/m/n/12 Oppenheim, A. V. and Will-sky, A. S.
 []

[28]
Underfull \hbox (badness 3612) in paragraph at lines 197--197
\OT1/cmr/m/n/12 cor-re-la-tion of zernike phase-expansion co-ef-fi-cients for a
t-mo-spheric
 []


Underfull \hbox (badness 5970) in paragraph at lines 220--220
\OT1/cmr/m/n/12 M. C. (1998b).  Op-ti-mal modal wave-front com-pen-sa-tion for
 []

)
Package atveryend Info: Empty hook `BeforeClearDocument' on input line 2047.
 [29]
Package atveryend Info: Empty hook `AfterLastShipout' on input line 2047.
 (./NGSmodes_LaserTomography.aux)
Package atveryend Info: Executing hook `AtVeryEndDocument' on input line 2047.
Package atveryend Info: Executing hook `AtEndAfterFileList' on input line 2047.

Package rerunfilecheck Info: File `NGSmodes_LaserTomography.out' has not change
d.
(rerunfilecheck)             Checksum: D682671DEF806384BD58FC751BCAD935;2551.
Package rerunfilecheck Info: File `NGSmodes_LaserTomography.brf' has not change
d.
(rerunfilecheck)             Checksum: 5DAF892A09E7899036AC50FF945FBBD6;2003.


LaTeX Warning: There were multiply-defined labels.

Package atveryend Info: Empty hook `AtVeryVeryEnd' on input line 2047.
 ) 
Here is how much of TeX's memory you used:
 6868 strings out of 493117
 97526 string characters out of 6135433
 192736 words of memory out of 5000000
 10018 multiletter control sequences out of 15000+600000
 20078 words of font info for 74 fonts, out of 8000000 for 9000
 1141 hyphenation exceptions out of 8191
 29i,21n,28p,434b,429s stack positions out of 5000i,500n,10000p,200000b,80000s
</usr/local/texlive/2014/texmf-dist/fonts/type1/public/amsfonts/cm/cmbx10.pfb
></usr/local/texlive/2014/texmf-dist/fonts/type1/public/amsfonts/cm/cmbx12.pfb>
</usr/local/texlive/2014/texmf-dist/fonts/type1/public/amsfonts/cm/cmbx8.pfb></
usr/local/texlive/2014/texmf-dist/fonts/type1/public/amsfonts/cm/cmbxti10.pfb><
/usr/local/texlive/2014/texmf-dist/fonts/type1/public/amsfonts/cm/cmex10.pfb></
usr/local/texlive/2014/texmf-dist/fonts/type1/public/amsfonts/cm/cmmi12.pfb></u
sr/local/texlive/2014/texmf-dist/fonts/type1/public/amsfonts/cm/cmmi6.pfb></usr
/local/texlive/2014/texmf-dist/fonts/type1/public/amsfonts/cm/cmmi8.pfb></usr/l
ocal/texlive/2014/texmf-dist/fonts/type1/public/amsfonts/cm/cmmib10.pfb></usr/l
ocal/texlive/2014/texmf-dist/fonts/type1/public/amsfonts/cmextra/cmmib6.pfb></u
sr/local/texlive/2014/texmf-dist/fonts/type1/public/amsfonts/cmextra/cmmib8.pfb
></usr/local/texlive/2014/texmf-dist/fonts/type1/public/amsfonts/cm/cmr10.pfb><
/usr/local/texlive/2014/texmf-dist/fonts/type1/public/amsfonts/cm/cmr12.pfb></u
sr/local/texlive/2014/texmf-dist/fonts/type1/public/amsfonts/cm/cmr17.pfb></usr
/local/texlive/2014/texmf-dist/fonts/type1/public/amsfonts/cm/cmr6.pfb></usr/lo
cal/texlive/2014/texmf-dist/fonts/type1/public/amsfonts/cm/cmr7.pfb></usr/local
/texlive/2014/texmf-dist/fonts/type1/public/amsfonts/cm/cmr8.pfb></usr/local/te
xlive/2014/texmf-dist/fonts/type1/public/amsfonts/cm/cmss12.pfb></usr/local/tex
live/2014/texmf-dist/fonts/type1/public/amsfonts/cm/cmss8.pfb></usr/local/texli
ve/2014/texmf-dist/fonts/type1/public/amsfonts/cm/cmsy10.pfb></usr/local/texliv
e/2014/texmf-dist/fonts/type1/public/amsfonts/cm/cmsy6.pfb></usr/local/texlive/
2014/texmf-dist/fonts/type1/public/amsfonts/cm/cmsy8.pfb></usr/local/texlive/20
14/texmf-dist/fonts/type1/public/amsfonts/cm/cmti10.pfb></usr/local/texlive/201
4/texmf-dist/fonts/type1/public/amsfonts/cm/cmti12.pfb></usr/local/texlive/2014
/texmf-dist/fonts/type1/public/amsfonts/cm/cmtt12.pfb></usr/local/texlive/2014/
texmf-dist/fonts/type1/public/amsfonts/symbols/msam10.pfb></usr/local/texlive/2
014/texmf-dist/fonts/type1/public/amsfonts/symbols/msbm10.pfb>
Output written on NGSmodes_LaserTomography.pdf (29 pages, 388544 bytes).
PDF statistics:
 742 PDF objects out of 1000 (max. 8388607)
 677 compressed objects within 7 object streams
 230 named destinations out of 1000 (max. 500000)
 249 words of extra memory for PDF output out of 10000 (max. 10000000)

