\BOOKMARK [1][]{section.1}{1 Fundamentals of the LQG control approach }{}% 1
\BOOKMARK [2][]{subsection.1.1}{1.1 Optimality criteria }{section.1}% 2
\BOOKMARK [2][]{subsection.1.2}{1.2 Step-by-step solution }{section.1}% 3
\BOOKMARK [1][]{section.2}{2 LQG controller for AO systems with infinitely fast mirrors}{}% 4
\BOOKMARK [2][]{subsection.2.1}{2.1 Solution in the complete-state information case}{section.2}% 5
\BOOKMARK [2][]{subsection.2.2}{2.2 Solution in the incomplete state information case}{section.2}% 6
\BOOKMARK [2][]{subsection.2.3}{2.3 Extension to vibration suppression}{section.2}% 7
\BOOKMARK [1][]{section.3}{3 NGS modes in laser-tomography AO: LTAO and MCAO}{}% 8
\BOOKMARK [2][]{subsection.3.1}{3.1 Measurement model with time-averaged variables }{section.3}% 9
\BOOKMARK [2][]{subsection.3.2}{3.2 Noise model}{section.3}% 10
\BOOKMARK [3][]{subsubsection.3.2.1}{3.2.1 Diffraction-limited case}{subsection.3.2}% 11
\BOOKMARK [3][]{subsubsection.3.2.2}{3.2.2 Seeing-limited case}{subsection.3.2}% 12
\BOOKMARK [1][]{section.4}{4 Static reconstruction}{}% 13
\BOOKMARK [2][]{subsection.4.1}{4.1 Isoplanatic tilt correction}{section.4}% 14
\BOOKMARK [2][]{subsection.4.2}{4.2 Tilt tomography using virtual DMs}{section.4}% 15
\BOOKMARK [2][]{subsection.4.3}{4.3 Tilt tomography with spatio-angular reconstruction in NTAO and LTAO}{section.4}% 16
\BOOKMARK [2][]{subsection.4.4}{4.4 Review of reconstructors }{section.4}% 17
\BOOKMARK [2][]{subsection.4.5}{4.5 Performance assessment}{section.4}% 18
\BOOKMARK [1][]{section.5}{5 \040Dynamic controller of NGS modes}{}% 19
\BOOKMARK [2][]{subsection.5.1}{5.1 near-Markovian time-progression model of the 1st-order }{section.5}% 20
\BOOKMARK [2][]{subsection.5.2}{5.2 State-space representation}{section.5}% 21
\BOOKMARK [2][]{subsection.5.3}{5.3 LQG + time-smoothing operation}{section.5}% 22
\BOOKMARK [2][]{subsection.5.4}{5.4 LQG + multi-rate}{section.5}% 23
\BOOKMARK [1][]{section.6}{6 Split tomography v. integrated tomography}{}% 24
\BOOKMARK [1][]{section.7}{7 Design of HARMONI \(E-IFU\) tilt anisoplanatism controller}{}% 25
\BOOKMARK [2][]{subsection.7.1}{7.1 Isoplanatic tilt}{section.7}% 26
\BOOKMARK [2][]{subsection.7.2}{7.2 Anisoplanatic tilt}{section.7}% 27
\BOOKMARK [2][]{subsection.7.3}{7.3 Non-stationary tilt from M4 off-loading}{section.7}% 28
\BOOKMARK [1][]{appendix.A}{A Average-slope removal from measurements}{}% 29
\BOOKMARK [1][]{appendix.B}{B LQG controller transfer functions}{}% 30
\BOOKMARK [2][]{subsection.B.1}{B.1 Script to use }{appendix.B}% 31
